Copyright 1986-2017 Xilinx, Inc. All Rights Reserved.
--------------------------------------------------------------------------------------------------------------------------------------------------------------------
| Tool Version : Vivado v.2017.3 (lin64) Build 2018833 Wed Oct  4 19:58:07 MDT 2017
| Date         : Mon Dec 11 13:13:49 2017
| Host         : localhost.localdomain running 64-bit CentOS Linux release 7.4.1708 (Core)
| Command      : report_methodology -file translator_methodology_drc_routed.rpt -pb translator_methodology_drc_routed.pb -rpx translator_methodology_drc_routed.rpx
| Design       : translator
| Device       : xc7a200tfbg676-2
| Speed File   : -2
| Design State : Fully Placed
--------------------------------------------------------------------------------------------------------------------------------------------------------------------

Report Methodology

Table of Contents
-----------------
1. REPORT SUMMARY
2. REPORT DETAILS

1. REPORT SUMMARY
-----------------
            Netlist: netlist
          Floorplan: checkpoint_translator
      Design limits: <entire design considered>
             Max violations: <unlimited>
             Violations found: 0
+------+----------+-------------+------------+
| Rule | Severity | Description | Violations |
+------+----------+-------------+------------+
+------+----------+-------------+------------+

2. REPORT DETAILS
-----------------

