

================================================================
== Vivado HLS Report for 'translator'
================================================================
* Date:           Mon Dec 11 13:07:01 2017

* Version:        2017.3 (Build 2018833 on Wed Oct 04 20:30:40 MDT 2017)
* Project:        translator
* Solution:       solution1
* Product family: artix7
* Target device:  xc7a200tfbg676-2


================================================================
== Performance Estimates
================================================================
+ Timing (ns): 
    * Summary: 
    +--------+-------+----------+------------+
    |  Clock | Target| Estimated| Uncertainty|
    +--------+-------+----------+------------+
    |ap_clk  |  10.00|      6.35|        1.25|
    +--------+-------+----------+------------+

+ Latency (clock cycles): 
    * Summary: 
    +-----+-----+-----+-----+---------+
    |  Latency  |  Interval | Pipeline|
    | min | max | min | max |   Type  |
    +-----+-----+-----+-----+---------+
    |    1|   15|    2|   16|   none  |
    +-----+-----+-----+-----+---------+

    + Detail: 
        * Instance: 
        N/A

        * Loop: 
        N/A

============================================================
+ Verbose Summary: Synthesis Manager
============================================================
InlineROM: 1
ExposeGlobal: 0
============================================================
+ Verbose Summary: CDFG Model
============================================================
IsTopModel: 1
ResetActiveHigh: 1
IsCombinational: 0
IsDatapathOnly: 0
HasWiredReturn: 1
HasMFsm: 0
HasVarLatency: 1
IsPipeline: 0
IsRtlPipelined: 0
IsInstanceOverlapped: 0
IsDontTouch: 0
HasImplIP: 0
IsGatedGlobalClock: 0


============================================================
+ Verbose Summary: Schedule
============================================================
* Number of FSM states : 2
* Pipeline : 0
* Dataflow Pipeline: 0

* FSM state transitions: 
1 --> 
	2  / true
2 --> 

* FSM state operations: 

 <State 1> : 1.21ns
ST_1 : Operation 3 [1/1] (0.00ns)   --->   "call void (...)* @_ssdm_op_SpecBitsMap(i10* %number), !map !94"
ST_1 : Operation 4 [1/1] (0.00ns)   --->   "call void (...)* @_ssdm_op_SpecBitsMap(i4* %whichDisp), !map !98"
ST_1 : Operation 5 [1/1] (0.00ns)   --->   "call void (...)* @_ssdm_op_SpecBitsMap(i7* %toDisp), !map !102"
ST_1 : Operation 6 [1/1] (0.00ns)   --->   "call void (...)* @_ssdm_op_SpecBitsMap(i32* %translator_i), !map !106"
ST_1 : Operation 7 [1/1] (0.00ns)   --->   "call void (...)* @_ssdm_op_SpecBitsMap(i32* %translator_disp), !map !110"
ST_1 : Operation 8 [1/1] (0.00ns)   --->   "call void (...)* @_ssdm_op_SpecBitsMap([4 x i32]* %translator_digits), !map !114"
ST_1 : Operation 9 [1/1] (0.00ns)   --->   "call void (...)* @_ssdm_op_SpecBitsMap(i32* %translator_transformed), !map !118"
ST_1 : Operation 10 [1/1] (0.00ns)   --->   "call void (...)* @_ssdm_op_SpecTopModule([11 x i8]* @p_str, [11 x i8]* @p_str) nounwind" [./translator.h:14]
ST_1 : Operation 11 [1/1] (0.00ns)   --->   "%translator_ssdm_t = load i1* @translator_ssdm_thread_M_transform, align 1" [./translator.h:15]
ST_1 : Operation 12 [1/1] (0.00ns)   --->   "br i1 %translator_ssdm_t, label %1, label %._crit_edge" [./translator.h:15]
ST_1 : Operation 13 [2/2] (1.21ns)   --->   "call void @"translator::transform"(i10* %number, i4* %whichDisp, i7* %toDisp, i32* %translator_i, i32* %translator_disp, [4 x i32]* %translator_digits, i32* %translator_transformed)" [./translator.h:15]   --->   Core 0 '' <Latency = 0> <II = 1> <Delay = 1.00> <Generic> <Opcode : >

 <State 2> : 4.69ns
ST_2 : Operation 14 [1/2] (4.68ns)   --->   "call void @"translator::transform"(i10* %number, i4* %whichDisp, i7* %toDisp, i32* %translator_i, i32* %translator_disp, [4 x i32]* %translator_digits, i32* %translator_transformed)" [./translator.h:15]   --->   Core 0 '' <Latency = 0> <II = 1> <Delay = 1.00> <Generic> <Opcode : >
ST_2 : Operation 15 [1/1] (0.00ns)   --->   "br label %._crit_edge" [./translator.h:15]
ST_2 : Operation 16 [1/1] (0.00ns)   --->   "call void (...)* @_ssdm_op_SpecProcessDecl([11 x i8]* @p_str, i32 0, [10 x i8]* @p_str7) nounwind" [./translator.h:15]
ST_2 : Operation 17 [1/1] (0.00ns)   --->   "call void (...)* @_ssdm_op_SpecSensitive([10 x i8]* @p_str7, [7 x i8]* @p_str2, i10* %number, i32 0) nounwind" [./translator.h:16]
ST_2 : Operation 18 [1/1] (0.00ns)   --->   "call void (...)* @_ssdm_op_SpecSensitive([10 x i8]* @p_str7, [10 x i8]* @p_str4, i4* %whichDisp, i32 0) nounwind" [./translator.h:17]
ST_2 : Operation 19 [1/1] (0.00ns)   --->   "call void (...)* @_ssdm_op_SpecPort([11 x i8]* @p_str, i32 0, [14 x i8]* @p_str1, [7 x i8]* @p_str2, i32 0, i32 0, i10* %number) nounwind" [./translator.h:18]
ST_2 : Operation 20 [1/1] (0.00ns)   --->   "call void (...)* @_ssdm_op_SpecPort([11 x i8]* @p_str, i32 0, [13 x i8]* @p_str3, [10 x i8]* @p_str4, i32 0, i32 0, i4* %whichDisp) nounwind" [./translator.h:19]
ST_2 : Operation 21 [1/1] (0.00ns)   --->   "call void (...)* @_ssdm_op_SpecPort([11 x i8]* @p_str, i32 1, [13 x i8]* @p_str5, [7 x i8]* @p_str6, i32 0, i32 0, i7* %toDisp) nounwind" [./translator.h:20]
ST_2 : Operation 22 [1/1] (0.00ns)   --->   "ret void" [./translator.h:20]


============================================================
+ Verbose Summary: Timing violations
============================================================
Target clock period: 10ns, clock uncertainty: 1.25ns.

 <State 1>: 1.21ns
The critical path consists of the following:
	'call' operation (./translator.h:15) to 'translator::transform' [20]  (1.21 ns)

 <State 2>: 4.69ns
The critical path consists of the following:
	'call' operation (./translator.h:15) to 'translator::transform' [20]  (4.69 ns)


============================================================
+ Verbose Summary: Binding
============================================================
N/A
* FSMD analyzer results:
  - Output states:
 - Input state : 
  - Chain level:
	State 1
	State 2


============================================================
+ Verbose Summary: Datapath Resource usage 
============================================================
N/A
