

================================================================
== Vivado HLS Report for 'selector_select'
================================================================
* Date:           Sun Dec 10 19:50:58 2017

* Version:        2017.3 (Build 2018833 on Wed Oct 04 20:30:40 MDT 2017)
* Project:        selector
* Solution:       solution1
* Product family: artix7
* Target device:  xc7a200tfbg676-2


================================================================
== Performance Estimates
================================================================
+ Timing (ns): 
    * Summary: 
    +--------+-------+----------+------------+
    |  Clock | Target| Estimated| Uncertainty|
    +--------+-------+----------+------------+
    |ap_clk  |  10.00|      4.27|        1.25|
    +--------+-------+----------+------------+

+ Latency (clock cycles): 
    * Summary: 
    +-----+-----+-----+-----+---------+
    |  Latency  |  Interval | Pipeline|
    | min | max | min | max |   Type  |
    +-----+-----+-----+-----+---------+
    |    4|    4|    4|    4|   none  |
    +-----+-----+-----+-----+---------+

    + Detail: 
        * Instance: 
        N/A

        * Loop: 
        +----------+-----+-----+----------+-----------+-----------+------+----------+
        |          |  Latency  | Iteration|  Initiation Interval  | Trip |          |
        | Loop Name| min | max |  Latency |  achieved |   target  | Count| Pipelined|
        +----------+-----+-----+----------+-----------+-----------+------+----------+
        |- Loop 1  |    2|    2|         2|          -|          -|  inf |    no    |
        +----------+-----+-----+----------+-----------+-----------+------+----------+

============================================================
+ Verbose Summary: Synthesis Manager
============================================================
InlineROM: 1
ExposeGlobal: 0
============================================================
+ Verbose Summary: CDFG Model
============================================================
IsTopModel: 0
ResetActiveHigh: 1
IsCombinational: 0
IsDatapathOnly: 0
HasWiredReturn: 0
HasMFsm: 0
HasVarLatency: 1
IsPipeline: 0
IsRtlPipelined: 0
IsInstanceOverlapped: 0
IsDontTouch: 0
HasImplIP: 0
IsGatedGlobalClock: 0


============================================================
+ Verbose Summary: Schedule
============================================================
* Number of FSM states : 4
* Pipeline : 0
* Dataflow Pipeline: 0

* FSM state transitions: 
1 --> 
	2  / true
2 --> 
	3  / true
3 --> 
	4  / true
4 --> 
	3  / true

* FSM state operations: 

 <State 1> : 0.00ns
ST_1 : Operation 5 [1/1] (0.00ns)   --->   "%selector_counter_loa = alloca i32"
ST_1 : Operation 6 [1/1] (0.00ns)   --->   "call void (...)* @_ssdm_op_SpecBitsMap(i1* %clk), !map !76"
ST_1 : Operation 7 [1/1] (0.00ns)   --->   "call void (...)* @_ssdm_op_SpecBitsMap(i1* %reset), !map !80"
ST_1 : Operation 8 [1/1] (0.00ns)   --->   "call void (...)* @_ssdm_op_SpecBitsMap(i1* %start), !map !84"
ST_1 : Operation 9 [1/1] (0.00ns)   --->   "call void (...)* @_ssdm_op_SpecBitsMap(i4* %selected), !map !88"
ST_1 : Operation 10 [1/1] (0.00ns)   --->   "call void (...)* @_ssdm_op_SpecBitsMap(i32* %selector_counter), !map !92"
ST_1 : Operation 11 [1/1] (0.00ns)   --->   "call void (...)* @_ssdm_op_SpecPort([9 x i8]* @p_str, i32 0, [7 x i8]* @p_str1, [4 x i8]* @p_str2, i32 0, i32 0, i1* %clk) nounwind" [selector.cpp:4]
ST_1 : Operation 12 [1/1] (0.00ns)   --->   "call void (...)* @_ssdm_op_SpecPort([9 x i8]* @p_str, i32 0, [7 x i8]* @p_str1, [6 x i8]* @p_str3, i32 0, i32 0, i1* %reset) nounwind" [selector.cpp:5]
ST_1 : Operation 13 [1/1] (0.00ns)   --->   "call void (...)* @_ssdm_op_SpecPort([9 x i8]* @p_str, i32 0, [7 x i8]* @p_str1, [6 x i8]* @p_str4, i32 0, i32 0, i1* %start) nounwind" [selector.cpp:6]
ST_1 : Operation 14 [1/1] (0.00ns)   --->   "call void (...)* @_ssdm_op_SpecPort([9 x i8]* @p_str, i32 1, [13 x i8]* @p_str5, [9 x i8]* @p_str6, i32 0, i32 0, i4* %selected) nounwind" [selector.cpp:7]
ST_1 : Operation 15 [1/1] (0.00ns)   --->   "call void (...)* @_ssdm_op_SpecProcessDef([9 x i8]* @p_str, i32 2, [7 x i8]* @p_str7) nounwind" [selector.cpp:8]
ST_1 : Operation 16 [1/1] (0.00ns)   --->   "%tmp_3 = call i32 (...)* @_ssdm_op_SpecRegionBegin([15 x i8]* @p_str8)" [selector.cpp:8]
ST_1 : Operation 17 [1/1] (0.00ns)   --->   "call void (...)* @_ssdm_op_SpecProtocol(i32 1, [1 x i8]* @p_str9) nounwind" [selector.cpp:8]
ST_1 : Operation 18 [1/1] (0.00ns)   --->   "%p_ssdm_reset_v = call i32 (...)* @_ssdm_op_SpecStateBegin(i32 0, i32 0, i32 1) nounwind" [selector.cpp:8]
ST_1 : Operation 19 [1/1] (0.00ns)   --->   "call void @_ssdm_op_Write.ap_auto.i32P(i32* %selector_counter, i32 0)" [selector.cpp:6]
ST_1 : Operation 20 [1/1] (0.00ns)   --->   "call void @_ssdm_op_Write.ap_auto.volatile.i4P(i4* %selected, i4 -1)" [selector.cpp:7]
ST_1 : Operation 21 [1/1] (0.00ns)   --->   "%empty = call i32 (...)* @_ssdm_op_SpecStateEnd(i32 %p_ssdm_reset_v) nounwind" [selector.cpp:7]
ST_1 : Operation 22 [1/1] (0.00ns)   --->   "%empty_4 = call i32 (...)* @_ssdm_op_SpecRegionEnd([15 x i8]* @p_str8, i32 %tmp_3)" [selector.cpp:7]

 <State 2> : 1.35ns
ST_2 : Operation 23 [1/1] (1.35ns)   --->   "store i32 0, i32* %selector_counter_loa"
ST_2 : Operation 24 [1/1] (0.00ns)   --->   "br label %1" [selector.cpp:7]

 <State 3> : 4.27ns
ST_3 : Operation 25 [1/1] (0.00ns)   --->   "%tmp = call i1 @_ssdm_op_Read.ap_auto.volatile.i1P(i1* %start)" [selector.cpp:10]
ST_3 : Operation 26 [1/1] (0.00ns)   --->   "br i1 %tmp, label %2, label %_ZN7_ap_sc_7sc_core4waitEi.exit" [selector.cpp:10]
ST_3 : Operation 27 [1/1] (0.00ns)   --->   "%selector_counter_loa_1 = load i32* %selector_counter_loa" [selector.cpp:11]
ST_3 : Operation 28 [1/1] (2.18ns)   --->   "%tmp_1 = add nsw i32 %selector_counter_loa_1, 1" [selector.cpp:11]   --->   Core 14 'AddSub' <Latency = 0> <II = 1> <Delay = 2.18> <FuncUnit> <Opcode : 'add' 'sub'> <InPorts = 2> <OutPorts = 1>
ST_3 : Operation 29 [1/1] (0.00ns)   --->   "call void @_ssdm_op_Write.ap_auto.i32P(i32* %selector_counter, i32 %tmp_1)" [selector.cpp:11]
ST_3 : Operation 30 [1/1] (1.21ns)   --->   "switch i32 %selector_counter_loa_1, label %7 [
    i32 0, label %3
    i32 1, label %4
    i32 2, label %5
    i32 3, label %6
  ]" [selector.cpp:13]
ST_3 : Operation 31 [1/1] (0.00ns)   --->   "call void @_ssdm_op_Write.ap_auto.volatile.i4P(i4* %selected, i4 -2)" [selector.cpp:24]
ST_3 : Operation 32 [1/1] (0.00ns)   --->   "br label %8" [selector.cpp:25]
ST_3 : Operation 33 [1/1] (0.00ns)   --->   "call void @_ssdm_op_Write.ap_auto.volatile.i4P(i4* %selected, i4 -3)" [selector.cpp:21]
ST_3 : Operation 34 [1/1] (0.00ns)   --->   "br label %8" [selector.cpp:22]
ST_3 : Operation 35 [1/1] (0.00ns)   --->   "call void @_ssdm_op_Write.ap_auto.volatile.i4P(i4* %selected, i4 -5)" [selector.cpp:18]
ST_3 : Operation 36 [1/1] (0.00ns)   --->   "br label %8" [selector.cpp:19]
ST_3 : Operation 37 [1/1] (0.00ns)   --->   "call void @_ssdm_op_Write.ap_auto.volatile.i4P(i4* %selected, i4 7)" [selector.cpp:15]
ST_3 : Operation 38 [1/1] (0.00ns)   --->   "br label %8" [selector.cpp:16]
ST_3 : Operation 39 [1/1] (0.00ns)   --->   "call void @_ssdm_op_Write.ap_auto.volatile.i4P(i4* %selected, i4 -1)" [selector.cpp:27]
ST_3 : Operation 40 [1/1] (0.00ns)   --->   "br label %8" [selector.cpp:28]
ST_3 : Operation 41 [1/1] (0.00ns)   --->   "%tmp_2 = call i30 @_ssdm_op_PartSelect.i30.i32.i32.i32(i32 %tmp_1, i32 2, i32 31)" [selector.cpp:32]
ST_3 : Operation 42 [1/1] (2.09ns)   --->   "%icmp = icmp sgt i30 %tmp_2, 0" [selector.cpp:32]   --->   Core 25 'Cmp' <Latency = 0> <II = 1> <Delay = 2.09> <FuncUnit> <Opcode : 'icmp'> <InPorts = 2> <OutPorts = 1>
ST_3 : Operation 43 [1/1] (0.00ns)   --->   "br i1 %icmp, label %9, label %_ZN7_ap_sc_7sc_core4waitEi.exit.pre" [selector.cpp:32]
ST_3 : Operation 44 [1/1] (1.35ns)   --->   "store i32 %tmp_1, i32* %selector_counter_loa" [selector.cpp:11]
ST_3 : Operation 45 [1/1] (0.00ns)   --->   "br label %_ZN7_ap_sc_7sc_core4waitEi.exit"

 <State 4> : 1.35ns
ST_4 : Operation 46 [1/1] (0.00ns)   --->   "call void @_ssdm_op_Write.ap_auto.i32P(i32* %selector_counter, i32 0)" [selector.cpp:33]
ST_4 : Operation 47 [1/1] (1.35ns)   --->   "store i32 0, i32* %selector_counter_loa"
ST_4 : Operation 48 [1/1] (0.00ns)   --->   "br label %_ZN7_ap_sc_7sc_core4waitEi.exit" [selector.cpp:34]
ST_4 : Operation 49 [1/1] (0.00ns)   --->   "call void (...)* @_ssdm_op_Wait(i32 1) nounwind" [selector.cpp:37]
ST_4 : Operation 50 [1/1] (0.00ns)   --->   "br label %1" [selector.cpp:38]


============================================================
+ Verbose Summary: Timing violations
============================================================
Target clock period: 10ns, clock uncertainty: 1.25ns.

 <State 1>: 0ns
The critical path consists of the following:

 <State 2>: 1.35ns
The critical path consists of the following:
	'store' operation of constant 0 on local variable 'selector_counter_loa' [24]  (1.35 ns)

 <State 3>: 4.27ns
The critical path consists of the following:
	'load' operation ('selector_counter_loa_1', selector.cpp:11) on local variable 'selector_counter_loa' [30]  (0 ns)
	'add' operation ('tmp_1', selector.cpp:11) [31]  (2.18 ns)
	'icmp' operation ('icmp', selector.cpp:32) [51]  (2.09 ns)

 <State 4>: 1.35ns
The critical path consists of the following:
	'store' operation of constant 0 on local variable 'selector_counter_loa' [58]  (1.35 ns)


============================================================
+ Verbose Summary: Binding
============================================================
N/A
* FSMD analyzer results:
  - Output states:
 - Input state : 
  - Chain level:
	State 1
	State 2
	State 3
	State 4


============================================================
+ Verbose Summary: Datapath Resource usage 
============================================================
N/A
