

================================================================
== Vivado HLS Report for 'selector_select'
================================================================
* Date:           Sun Dec 10 19:50:59 2017

* Version:        2017.3 (Build 2018833 on Wed Oct 04 20:30:40 MDT 2017)
* Project:        selector
* Solution:       solution1
* Product family: artix7
* Target device:  xc7a200tfbg676-2


================================================================
== Performance Estimates
================================================================
+ Timing (ns): 
    * Summary: 
    +--------+-------+----------+------------+
    |  Clock | Target| Estimated| Uncertainty|
    +--------+-------+----------+------------+
    |ap_clk  |  10.00|      4.27|        1.25|
    +--------+-------+----------+------------+

+ Latency (clock cycles): 
    * Summary: 
    +-----+-----+-----+-----+---------+
    |  Latency  |  Interval | Pipeline|
    | min | max | min | max |   Type  |
    +-----+-----+-----+-----+---------+
    |    4|    4|    4|    4|   none  |
    +-----+-----+-----+-----+---------+

    + Detail: 
        * Instance: 
        N/A

        * Loop: 
        +----------+-----+-----+----------+-----------+-----------+------+----------+
        |          |  Latency  | Iteration|  Initiation Interval  | Trip |          |
        | Loop Name| min | max |  Latency |  achieved |   target  | Count| Pipelined|
        +----------+-----+-----+----------+-----------+-----------+------+----------+
        |- Loop 1  |    2|    2|         2|          -|          -|  inf |    no    |
        +----------+-----+-----+----------+-----------+-----------+------+----------+



================================================================
== Utilization Estimates
================================================================
* Summary: 
+-----------------+---------+-------+--------+--------+
|       Name      | BRAM_18K| DSP48E|   FF   |   LUT  |
+-----------------+---------+-------+--------+--------+
|DSP              |        -|      -|       -|       -|
|Expression       |        -|      -|       0|      65|
|FIFO             |        -|      -|       -|       -|
|Instance         |        -|      -|       -|       -|
|Memory           |        -|      -|       -|       -|
|Multiplexer      |        -|      -|       -|      84|
|Register         |        -|      -|      38|       -|
+-----------------+---------+-------+--------+--------+
|Total            |        0|      0|      38|     149|
+-----------------+---------+-------+--------+--------+
|Available        |      730|    740|  269200|  129000|
+-----------------+---------+-------+--------+--------+
|Utilization (%)  |        0|      0|   ~0   |   ~0   |
+-----------------+---------+-------+--------+--------+

+ Detail: 
    * Instance: 
    N/A

    * DSP48: 
    N/A

    * Memory: 
    N/A

    * FIFO: 
    N/A

    * Expression: 
    +------------------+----------+-------+---+----+------------+------------+
    |   Variable Name  | Operation| DSP48E| FF| LUT| Bitwidth P0| Bitwidth P1|
    +------------------+----------+-------+---+----+------------+------------+
    |tmp_1_fu_116_p2   |     +    |      0|  0|  39|          32|           1|
    |ap_condition_112  |    and   |      0|  0|   8|           1|           1|
    |icmp_fu_133_p2    |   icmp   |      0|  0|  18|          30|           1|
    +------------------+----------+-------+---+----+------------+------------+
    |Total             |          |      0|  0|  65|          63|           3|
    +------------------+----------+-------+---+----+------------+------------+

    * Multiplexer: 
    +----------------------------+----+-----------+-----+-----------+
    |            Name            | LUT| Input Size| Bits| Total Bits|
    +----------------------------+----+-----------+-----+-----------+
    |ap_NS_fsm                   |  27|          5|    1|          5|
    |selected                    |  33|          6|    4|         24|
    |selector_counter            |  15|          3|   32|         96|
    |selector_counter_loa_fu_78  |   9|          2|   32|         64|
    +----------------------------+----+-----------+-----+-----------+
    |Total                       |  84|         16|   69|        189|
    +----------------------------+----+-----------+-----+-----------+

    * Register: 
    +----------------------------+----+----+-----+-----------+
    |            Name            | FF | LUT| Bits| Const Bits|
    +----------------------------+----+----+-----+-----------+
    |ap_CS_fsm                   |   4|   0|    4|          0|
    |icmp_reg_158                |   1|   0|    1|          0|
    |selector_counter_loa_fu_78  |  32|   0|   32|          0|
    |tmp_reg_151                 |   1|   0|    1|          0|
    +----------------------------+----+----+-----+-----------+
    |Total                       |  38|   0|   38|          0|
    +----------------------------+----+----+-----+-----------+



================================================================
== Interface
================================================================
* Summary: 
+-------------------------+-----+-----+------------+------------------+--------------+
|        RTL Ports        | Dir | Bits|  Protocol  |   Source Object  |    C Type    |
+-------------------------+-----+-----+------------+------------------+--------------+
|ap_clk                   |  in |    1| ap_ctrl_hs | selector::select | return value |
|ap_rst                   |  in |    1| ap_ctrl_hs | selector::select | return value |
|start                    |  in |    1|   ap_none  |       start      |    pointer   |
|selected                 | out |    4|   ap_vld   |     selected     |    pointer   |
|selected_ap_vld          | out |    1|   ap_vld   |     selected     |    pointer   |
|selector_counter         | out |   32|   ap_vld   | selector_counter |    pointer   |
|selector_counter_ap_vld  | out |    1|   ap_vld   | selector_counter |    pointer   |
+-------------------------+-----+-----+------------+------------------+--------------+

