

================================================================
== Vivado HLS Report for 'selector'
================================================================
* Date:           Sun Dec 10 19:50:59 2017

* Version:        2017.3 (Build 2018833 on Wed Oct 04 20:30:40 MDT 2017)
* Project:        selector
* Solution:       solution1
* Product family: artix7
* Target device:  xc7a200tfbg676-2


================================================================
== Performance Estimates
================================================================
+ Timing (ns): 
    * Summary: 
    +--------+-------+----------+------------+
    |  Clock | Target| Estimated| Uncertainty|
    +--------+-------+----------+------------+
    |ap_clk  |  10.00|      4.27|        1.25|
    +--------+-------+----------+------------+

+ Latency (clock cycles): 
    * Summary: 
    +-----+-----+-----+-----+---------+
    |  Latency  |  Interval | Pipeline|
    | min | max | min | max |   Type  |
    +-----+-----+-----+-----+---------+
    |    0|    5|    1|    6|   none  |
    +-----+-----+-----+-----+---------+

    + Detail: 
        * Instance: 
        +---------------------------+-----------------+-----+-----+-----+-----+---------+
        |                           |                 |  Latency  |  Interval | Pipeline|
        |          Instance         |      Module     | min | max | min | max |   Type  |
        +---------------------------+-----------------+-----+-----+-----+-----+---------+
        |grp_selector_select_fu_48  |selector_select  |    4|    4|    4|    4|   none  |
        +---------------------------+-----------------+-----+-----+-----+-----+---------+

        * Loop: 
        N/A



================================================================
== Utilization Estimates
================================================================
* Summary: 
+-----------------+---------+-------+--------+--------+
|       Name      | BRAM_18K| DSP48E|   FF   |   LUT  |
+-----------------+---------+-------+--------+--------+
|DSP              |        -|      -|       -|       -|
|Expression       |        -|      -|       -|       -|
|FIFO             |        -|      -|       -|       -|
|Instance         |        -|      -|      38|     149|
|Memory           |        -|      -|       -|       -|
|Multiplexer      |        -|      -|       -|       -|
|Register         |        -|      -|       4|       -|
+-----------------+---------+-------+--------+--------+
|Total            |        0|      0|      42|     149|
+-----------------+---------+-------+--------+--------+
|Available        |      730|    740|  269200|  129000|
+-----------------+---------+-------+--------+--------+
|Utilization (%)  |        0|      0|   ~0   |   ~0   |
+-----------------+---------+-------+--------+--------+

+ Detail: 
    * Instance: 
    +---------------------------+-----------------+---------+-------+----+-----+
    |          Instance         |      Module     | BRAM_18K| DSP48E| FF | LUT |
    +---------------------------+-----------------+---------+-------+----+-----+
    |grp_selector_select_fu_48  |selector_select  |        0|      0|  38|  149|
    +---------------------------+-----------------+---------+-------+----+-----+
    |Total                      |                 |        0|      0|  38|  149|
    +---------------------------+-----------------+---------+-------+----+-----+

    * DSP48: 
    N/A

    * Memory: 
    N/A

    * FIFO: 
    N/A

    * Expression: 
    N/A

    * Multiplexer: 
    N/A

    * Register: 
    +----------+---+----+-----+-----------+
    |   Name   | FF| LUT| Bits| Const Bits|
    +----------+---+----+-----+-----------+
    |selected  |  4|   0|    4|          0|
    +----------+---+----+-----+-----------+
    |Total     |  4|   0|    4|          0|
    +----------+---+----+-----+-----------+



================================================================
== Interface
================================================================
* Summary: 
+----------+-----+-----+------------+--------------------+--------------+
| RTL Ports| Dir | Bits|  Protocol  |    Source Object   |    C Type    |
+----------+-----+-----+------------+--------------------+--------------+
|clk       |  in |    1| ap_ctrl_hs | selector::selector | return value |
|reset     |  in |    1| ap_ctrl_hs | selector::selector | return value |
|start     |  in |    1|   ap_none  |        start       |    pointer   |
|selected  | out |    4|   ap_vld   |      selected      |    pointer   |
+----------+-----+-----+------------+--------------------+--------------+

